<?xml version="1.0" encoding="UTF-8"?>
<testsuites>
  <testsuite name="Sugar ORM test suites" tests="15" assertions="15" failures="0" errors="0" time="0.031200">
    <testsuite name="Ibonly\PotatoORM\Test\DatabaseQueryTest" file="C:\Users\ebuka\Documents\Workspace\package\SugarORM\test\DatabaseQueryTest.php" tests="2" assertions="2" failures="0" errors="0" time="0.031200">
      <testcase name="testTableExist" class="Ibonly\PotatoORM\Test\DatabaseQueryTest" file="C:\Users\ebuka\Documents\Workspace\package\SugarORM\test\DatabaseQueryTest.php" line="30" assertions="1" time="0.031200"/>
      <testcase name="testSelectQuery" class="Ibonly\PotatoORM\Test\DatabaseQueryTest" file="C:\Users\ebuka\Documents\Workspace\package\SugarORM\test\DatabaseQueryTest.php" line="43" assertions="1" time="0.000000"/>
    </testsuite>
    <testsuite name="Ibonly\PotatoORM\Test\ModelTest" file="C:\Users\ebuka\Documents\Workspace\package\SugarORM\test\ModelTest.php" tests="4" assertions="4" failures="0" errors="0" time="0.000000">
      <testcase name="testGetClassName" class="Ibonly\PotatoORM\Test\ModelTest" file="C:\Users\ebuka\Documents\Workspace\package\SugarORM\test\ModelTest.php" line="44" assertions="1" time="0.000000"/>
      <testcase name="testStripclassName" class="Ibonly\PotatoORM\Test\ModelTest" file="C:\Users\ebuka\Documents\Workspace\package\SugarORM\test\ModelTest.php" line="53" assertions="1" time="0.000000"/>
      <testcase name="testWhere" class="Ibonly\PotatoORM\Test\ModelTest" file="C:\Users\ebuka\Documents\Workspace\package\SugarORM\test\ModelTest.php" line="62" assertions="1" time="0.000000"/>
      <testcase name="testGetAll" class="Ibonly\PotatoORM\Test\ModelTest" file="C:\Users\ebuka\Documents\Workspace\package\SugarORM\test\ModelTest.php" line="80" assertions="1" time="0.000000"/>
    </testsuite>
    <testsuite name="Ibonly\PotatoORM\Test\SchemaTest" file="C:\Users\ebuka\Documents\Workspace\package\SugarORM\test\SchemaTest.php" tests="9" assertions="9" failures="0" errors="0" time="0.000000">
      <testcase name="testIncrements" class="Ibonly\PotatoORM\Test\SchemaTest" file="C:\Users\ebuka\Documents\Workspace\package\SugarORM\test\SchemaTest.php" line="23" assertions="1" time="0.000000"/>
      <testcase name="testStrings" class="Ibonly\PotatoORM\Test\SchemaTest" file="C:\Users\ebuka\Documents\Workspace\package\SugarORM\test\SchemaTest.php" line="32" assertions="1" time="0.000000"/>
      <testcase name="testText" class="Ibonly\PotatoORM\Test\SchemaTest" file="C:\Users\ebuka\Documents\Workspace\package\SugarORM\test\SchemaTest.php" line="41" assertions="1" time="0.000000"/>
      <testcase name="testInteger" class="Ibonly\PotatoORM\Test\SchemaTest" file="C:\Users\ebuka\Documents\Workspace\package\SugarORM\test\SchemaTest.php" line="50" assertions="1" time="0.000000"/>
      <testcase name="testPrimaryKey" class="Ibonly\PotatoORM\Test\SchemaTest" file="C:\Users\ebuka\Documents\Workspace\package\SugarORM\test\SchemaTest.php" line="59" assertions="1" time="0.000000"/>
      <testcase name="testUnique" class="Ibonly\PotatoORM\Test\SchemaTest" file="C:\Users\ebuka\Documents\Workspace\package\SugarORM\test\SchemaTest.php" line="68" assertions="1" time="0.000000"/>
      <testcase name="testForeignKey" class="Ibonly\PotatoORM\Test\SchemaTest" file="C:\Users\ebuka\Documents\Workspace\package\SugarORM\test\SchemaTest.php" line="77" assertions="1" time="0.000000"/>
      <testcase name="testBuildQuery" class="Ibonly\PotatoORM\Test\SchemaTest" file="C:\Users\ebuka\Documents\Workspace\package\SugarORM\test\SchemaTest.php" line="86" assertions="1" time="0.000000"/>
      <testcase name="testSanitizeQuery" class="Ibonly\PotatoORM\Test\SchemaTest" file="C:\Users\ebuka\Documents\Workspace\package\SugarORM\test\SchemaTest.php" line="95" assertions="1" time="0.000000"/>
    </testsuite>
  </testsuite>
</testsuites>
